<?xml version="1.0" encoding="UTF-8"?>
<!-- Generated by org.testng.reporters.JUnitReportReporter -->
<testsuite hostname="DESKTOP-757EIR7" failures="0" tests="1" name="com_Luma_Testcases.TC_03_Luma_EndToEnd" time="40.548" errors="0" timestamp="2024-09-18T11:37:50 IST" skipped="0">
  <testcase classname="com_Luma_Testcases.TC_03_Luma_EndToEnd" name="endToEndTest" time="40.548"/>
</testsuite> <!-- com_Luma_Testcases.TC_03_Luma_EndToEnd -->
