<?xml version="1.0" encoding="UTF-8"?>
<!-- Generated by org.testng.reporters.JUnitReportReporter -->
<testsuite hostname="DESKTOP-757EIR7" failures="0" tests="3" name="com_Luma_Testcases.TC_02_Luma_Login" time="59.557" errors="0" timestamp="2024-09-18T11:37:50 IST" skipped="0">
  <testcase classname="com_Luma_Testcases.TC_02_Luma_Login" name="loginTest" time="19.007"/>
  <testcase classname="com_Luma_Testcases.TC_02_Luma_Login" name="loginTest" time="20.422"/>
  <testcase classname="com_Luma_Testcases.TC_02_Luma_Login" name="loginTest" time="20.128"/>
</testsuite> <!-- com_Luma_Testcases.TC_02_Luma_Login -->
