<?xml version="1.0" encoding="UTF-8"?>
<!-- Generated by org.testng.reporters.JUnitReportReporter -->
<testsuite hostname="DESKTOP-757EIR7" failures="0" tests="1" name="com_Luma_Testcases.TC_01_Luma_Registration" time="3.811" errors="0" timestamp="2024-09-18T11:37:50 IST" skipped="0">
  <testcase classname="com_Luma_Testcases.TC_01_Luma_Registration" name="LumaRegistrationtest" time="3.811"/>
</testsuite> <!-- com_Luma_Testcases.TC_01_Luma_Registration -->
